<?xml version="1.0" encoding="UTF-8"?>
<!-- Generated by org.testng.reporters.JUnitReportReporter -->
<testsuite hostname="DESKTOP-E4CJBIR" failures="0" tests="1" name="TicketingAPI.LoginAPI" time="4.902" errors="0" timestamp="2022-12-31T23:03:48 IST" skipped="0">
  <testcase classname="TicketingAPI.LoginAPI" name="login" time="4.902"/>
  <system-out/>
</testsuite> <!-- TicketingAPI.LoginAPI -->
