<?xml version="1.0" encoding="UTF-8"?>
<!-- Generated by org.testng.reporters.JUnitReportReporter -->
<testsuite hostname="DESKTOP-E4CJBIR" failures="0" tests="1" name="Reqres.GetUsers" time="3.128" errors="0" timestamp="2023-01-02T13:46:33 IST" skipped="0">
  <testcase classname="Reqres.GetUsers" name="Users" time="3.128"/>
  <system-out/>
</testsuite> <!-- Reqres.GetUsers -->
