<?xml version="1.0" encoding="UTF-8"?>
<!-- Generated by org.testng.reporters.JUnitReportReporter -->
<testsuite hostname="DESKTOP-E4CJBIR" failures="0" tests="3" name="LibraryAPI.Books" time="4.858" errors="0" timestamp="2022-12-30T14:50:17 IST" skipped="0">
  <testcase classname="LibraryAPI.Books" name="addBook" time="0.523"/>
  <system-out/>
  <testcase classname="LibraryAPI.Books" name="addBook" time="3.567"/>
  <system-out/>
  <testcase classname="LibraryAPI.Books" name="addBook" time="0.768"/>
  <system-out/>
</testsuite> <!-- LibraryAPI.Books -->
