<?xml version="1.0" encoding="UTF-8"?>
<!-- Generated by org.testng.reporters.JUnitReportReporter -->
<testsuite hostname="DESKTOP-E4CJBIR" failures="0" tests="1" name="Ecommerce.CRUDOnAPI" time="3.247" errors="0" timestamp="2023-01-04T12:14:57 IST" skipped="0">
  <testcase classname="Ecommerce.CRUDOnAPI" name="LoginAPI" time="3.247"/>
  <system-out/>
</testsuite> <!-- Ecommerce.CRUDOnAPI -->
